
================================================================================
执行时间: 2026-01-01 00:27:45
================================================================================
========================================
数据库结构同步工具（Schema 热更新模式）
[预览模式 - 不会实际执行 SQL]
========================================

加载 Schema 文件: /var/www/database/schema.json
Schema 版本: 1.0.0

发现 1 个需要执行的 SQL 语句:

SQL #1:
ALTER TABLE `mini_wheel_product_spec`
  MODIFY COLUMN `pcd_mm` decimal(6,3) DEFAULT NULL COMMENT 'PCD直径（毫米，如：114.3）';

========================================
[预览模式] 以上 SQL 未实际执行
========================================


================================================================================
执行时间: 2026-01-01 00:34:20
================================================================================
========================================
数据库结构同步工具（Schema 热更新模式）
========================================

加载 Schema 文件: /var/www/database/schema.json
Schema 版本: 1.0.0

发现 1 个需要执行的 SQL 语句:

执行 SQL #1...
  ✓ 成功

========================================
同步完成！
成功: 1 个
失败: 0 个
========================================

