
================================================================================
执行时间: 2025-12-13 11:28:43
================================================================================
========================================
数据库结构同步工具（Schema 热更新模式）
========================================

加载 Schema 文件: /var/www/database/schema.json
Schema 版本: 1.0.0

✓ 数据库结构已是最新版本，无需更新


================================================================================
执行时间: 2025-12-13 11:28:55
================================================================================
========================================
数据库结构同步工具（Schema 热更新模式）
========================================

加载 Schema 文件: /var/www/database/schema.json
Schema 版本: 1.0.0

✓ 数据库结构已是最新版本，无需更新


================================================================================
执行时间: 2025-12-13 11:29:05
================================================================================
========================================
数据库结构同步工具（Schema 热更新模式）
[预览模式 - 不会实际执行 SQL]
========================================

加载 Schema 文件: /var/www/database/schema.json
Schema 版本: 1.0.0

✓ 数据库结构已是最新版本，无需更新


================================================================================
执行时间: 2025-12-13 11:49:50
================================================================================
========================================
数据库结构同步工具（Schema 热更新模式）
[预览模式 - 不会实际执行 SQL]
========================================

加载 Schema 文件: /var/www/database/schema.json
Schema 版本: 1.0.0

警告信息:
  ⚠ ⚠ 表 mini_accessory 字段 category: 字段不允许 NULL，但没有默认值，可能导致插入数据时出错
  ⚠ ⚠ 表 mini_accessory 字段 name: 字段不允许 NULL，但没有默认值，可能导致插入数据时出错
  ⚠ ⚠ 表 mini_brand 字段 name: 字段不允许 NULL，但没有默认值，可能导致插入数据时出错
  ⚠ ⚠ 表 mini_cart 字段 product_spec_id: 字段不允许 NULL，但没有默认值，可能导致插入数据时出错
  ⚠ ⚠ 表 mini_gallery 字段 image: 字段不允许 NULL，但没有默认值，可能导致插入数据时出错
  ⚠ ⚠ 表 mini_order 字段 order_no: 字段不允许 NULL，但没有默认值，可能导致插入数据时出错
  ⚠ ⚠ 表 mini_order_item 字段 order_id: 字段不允许 NULL，但没有默认值，可能导致插入数据时出错
  ⚠ ⚠ 表 mini_order_item 字段 product_id: 字段不允许 NULL，但没有默认值，可能导致插入数据时出错
  ⚠ ⚠ 表 mini_order_item 字段 product_spec_id: 字段不允许 NULL，但没有默认值，可能导致插入数据时出错
  ⚠ ⚠ 表 mini_product 字段 name: 字段不允许 NULL，但没有默认值，可能导致插入数据时出错
  ⚠ ⚠ 表 mini_product_finish 字段 product_id: 字段不允许 NULL，但没有默认值，可能导致插入数据时出错
  ⚠ ⚠ 表 mini_product_finish 字段 name: 字段不允许 NULL，但没有默认值，可能导致插入数据时出错
  ⚠ ⚠ 表 mini_product_spec 字段 product_id: 字段不允许 NULL，但没有默认值，可能导致插入数据时出错
  ⚠ ⚠ 表 mini_product_spec 字段 size: 字段不允许 NULL，但没有默认值，可能导致插入数据时出错
  ⚠ ⚠ 表 mini_product_tag 字段 name: 字段不允许 NULL，但没有默认值，可能导致插入数据时出错
  ⚠ ⚠ 表 mini_product_tag_relation 字段 product_id: 字段不允许 NULL，但没有默认值，可能导致插入数据时出错
  ⚠ ⚠ 表 mini_product_tag_relation 字段 tag_id: 字段不允许 NULL，但没有默认值，可能导致插入数据时出错
  ⚠ ⚠ 表 mini_vehicle_engine 字段 generation_id: 字段不允许 NULL，但没有默认值，可能导致插入数据时出错
  ⚠ ⚠ 表 mini_vehicle_engine 字段 name: 字段不允许 NULL，但没有默认值，可能导致插入数据时出错
  ⚠ ⚠ 表 mini_vehicle_fitment 字段 product_spec_id: 字段不允许 NULL，但没有默认值，可能导致插入数据时出错
  ⚠ ⚠ 表 mini_vehicle_generation 字段 model_id: 字段不允许 NULL，但没有默认值，可能导致插入数据时出错
  ⚠ ⚠ 表 mini_vehicle_generation 字段 name: 字段不允许 NULL，但没有默认值，可能导致插入数据时出错
  ⚠ ⚠ 表 mini_vehicle_make 字段 name: 字段不允许 NULL，但没有默认值，可能导致插入数据时出错
  ⚠ ⚠ 表 mini_vehicle_model 字段 make_id: 字段不允许 NULL，但没有默认值，可能导致插入数据时出错
  ⚠ ⚠ 表 mini_vehicle_model 字段 name: 字段不允许 NULL，但没有默认值，可能导致插入数据时出错

✓ 数据库结构已是最新版本，无需更新


================================================================================
执行时间: 2025-12-13 11:51:41
================================================================================
========================================
数据库结构同步工具（Schema 热更新模式）
[预览模式 - 不会实际执行 SQL]
========================================

加载 Schema 文件: /var/www/database/schema.json
Schema 版本: 1.0.0

警告信息:
  ⚠ ⚠ 表 mini_accessory 字段 category: 字段不允许 NULL，但没有默认值，可能导致插入数据时出错
  ⚠ ⚠ 表 mini_accessory 字段 name: 字段不允许 NULL，但没有默认值，可能导致插入数据时出错
  ⚠ ⚠ 表 mini_brand 字段 name: 字段不允许 NULL，但没有默认值，可能导致插入数据时出错
  ⚠ ⚠ 表 mini_cart 字段 product_spec_id: 字段不允许 NULL，但没有默认值，可能导致插入数据时出错
  ⚠ ⚠ 表 mini_gallery 字段 image: 字段不允许 NULL，但没有默认值，可能导致插入数据时出错
  ⚠ ⚠ 表 mini_order 字段 order_no: 字段不允许 NULL，但没有默认值，可能导致插入数据时出错
  ⚠ ⚠ 表 mini_order_item 字段 order_id: 字段不允许 NULL，但没有默认值，可能导致插入数据时出错
  ⚠ ⚠ 表 mini_order_item 字段 product_id: 字段不允许 NULL，但没有默认值，可能导致插入数据时出错
  ⚠ ⚠ 表 mini_order_item 字段 product_spec_id: 字段不允许 NULL，但没有默认值，可能导致插入数据时出错
  ⚠ ⚠ 表 mini_product 字段 name: 字段不允许 NULL，但没有默认值，可能导致插入数据时出错
  ⚠ ⚠ 表 mini_product_finish 字段 product_id: 字段不允许 NULL，但没有默认值，可能导致插入数据时出错
  ⚠ ⚠ 表 mini_product_finish 字段 name: 字段不允许 NULL，但没有默认值，可能导致插入数据时出错
  ⚠ ⚠ 表 mini_product_spec 字段 product_id: 字段不允许 NULL，但没有默认值，可能导致插入数据时出错
  ⚠ ⚠ 表 mini_product_spec 字段 size: 字段不允许 NULL，但没有默认值，可能导致插入数据时出错
  ⚠ ⚠ 表 mini_product_tag 字段 name: 字段不允许 NULL，但没有默认值，可能导致插入数据时出错
  ⚠ ⚠ 表 mini_product_tag_relation 字段 product_id: 字段不允许 NULL，但没有默认值，可能导致插入数据时出错
  ⚠ ⚠ 表 mini_product_tag_relation 字段 tag_id: 字段不允许 NULL，但没有默认值，可能导致插入数据时出错
  ⚠ ⚠ 表 mini_vehicle_engine 字段 generation_id: 字段不允许 NULL，但没有默认值，可能导致插入数据时出错
  ⚠ ⚠ 表 mini_vehicle_engine 字段 name: 字段不允许 NULL，但没有默认值，可能导致插入数据时出错
  ⚠ ⚠ 表 mini_vehicle_fitment 字段 product_spec_id: 字段不允许 NULL，但没有默认值，可能导致插入数据时出错
  ⚠ ⚠ 表 mini_vehicle_generation 字段 model_id: 字段不允许 NULL，但没有默认值，可能导致插入数据时出错
  ⚠ ⚠ 表 mini_vehicle_generation 字段 name: 字段不允许 NULL，但没有默认值，可能导致插入数据时出错
  ⚠ ⚠ 表 mini_vehicle_make 字段 name: 字段不允许 NULL，但没有默认值，可能导致插入数据时出错
  ⚠ ⚠ 表 mini_vehicle_model 字段 make_id: 字段不允许 NULL，但没有默认值，可能导致插入数据时出错
  ⚠ ⚠ 表 mini_vehicle_model 字段 name: 字段不允许 NULL，但没有默认值，可能导致插入数据时出错

✓ 数据库结构已是最新版本，无需更新


================================================================================
执行时间: 2025-12-13 11:52:49
================================================================================
========================================
数据库结构同步工具（Schema 热更新模式）
[预览模式 - 不会实际执行 SQL]
========================================

加载 Schema 文件: /var/www/database/schema.json
Schema 版本: 1.0.0

✓ 数据库结构已是最新版本，无需更新


================================================================================
执行时间: 2025-12-13 11:53:44
================================================================================
========================================
数据库结构同步工具（Schema 热更新模式）
[预览模式 - 不会实际执行 SQL]
========================================

加载 Schema 文件: /var/www/database/schema.json
Schema 版本: 1.0.0

✓ 数据库结构已是最新版本，无需更新


================================================================================
执行时间: 2025-12-13 11:54:37
================================================================================
========================================
数据库结构同步工具（Schema 热更新模式）
[预览模式 - 不会实际执行 SQL]
========================================

加载 Schema 文件: /var/www/database/schema.json
Schema 版本: 1.0.0

✓ 数据库结构已是最新版本，无需更新


================================================================================
执行时间: 2025-12-13 11:55:03
================================================================================
========================================
数据库结构同步工具（Schema 热更新模式）
[预览模式 - 不会实际执行 SQL]
========================================

加载 Schema 文件: /var/www/database/schema.json
Schema 版本: 1.0.0

发现 1 个需要执行的 SQL 语句:

SQL #1:
ALTER TABLE `mini_accessory`
  ADD COLUMN `666` varchar(50) NOT NULL COMMENT '分类(Center Caps, Lug Nuts等)' AFTER `category`;

========================================
[预览模式] 以上 SQL 未实际执行
========================================


================================================================================
执行时间: 2025-12-13 11:55:15
================================================================================
========================================
数据库结构同步工具（Schema 热更新模式）
========================================

加载 Schema 文件: /var/www/database/schema.json
Schema 版本: 1.0.0

发现 1 个需要执行的 SQL 语句:

执行 SQL #1...
  ✓ 成功

========================================
同步完成！
成功: 1 个
失败: 0 个
========================================


================================================================================
执行时间: 2025-12-13 11:55:34
================================================================================
========================================
数据库结构同步工具（Schema 热更新模式）
========================================

加载 Schema 文件: /var/www/database/schema.json
Schema 版本: 1.0.0

警告信息:
  ⚠ 表 mini_accessory 字段 666: 不支持的字段类型: varcha2r

发现 1 个需要执行的 SQL 语句:

执行 SQL #1...
  ✗ 失败: SQLSTATE[42000]: Syntax error or access violation: 1064 You have an error in your SQL syntax; check the manual that corresponds to your MySQL server version for the right syntax to use near 'varcha2r(50) NOT NULL COMMENT '分类(Center Caps, Lug Nuts等)'' at line 2

========================================
同步完成！
成功: 0 个
失败: 1 个
========================================


================================================================================
执行时间: 2025-12-13 11:55:50
================================================================================
========================================
数据库结构同步工具（Schema 热更新模式）
[预览模式 - 不会实际执行 SQL]
========================================

加载 Schema 文件: /var/www/database/schema.json
Schema 版本: 1.0.0

警告信息:
  ⚠ 表 mini_accessory 字段 666: 不支持的字段类型: varcha2r

发现 1 个需要执行的 SQL 语句:

SQL #1:
ALTER TABLE `mini_accessory`
  MODIFY COLUMN `666` varcha2r(50) NOT NULL COMMENT '分类(Center Caps, Lug Nuts等)';

========================================
[预览模式] 以上 SQL 未实际执行
========================================


================================================================================
执行时间: 2025-12-13 11:56:09
================================================================================
========================================
数据库结构同步工具（Schema 热更新模式）
[预览模式 - 不会实际执行 SQL]
========================================

加载 Schema 文件: /var/www/database/schema.json
Schema 版本: 1.0.0

✓ 数据库结构已是最新版本，无需更新


================================================================================
执行时间: 2025-12-13 11:56:53
================================================================================
========================================
数据库结构同步工具（Schema 热更新模式）
[预览模式 - 不会实际执行 SQL]
========================================

加载 Schema 文件: /var/www/database/schema.json
Schema 版本: 1.0.0

✓ 数据库结构已是最新版本，无需更新


================================================================================
执行时间: 2025-12-13 11:57:02
================================================================================
========================================
数据库结构同步工具（Schema 热更新模式）
[预览模式 - 不会实际执行 SQL]
========================================

加载 Schema 文件: /var/www/database/schema.json
Schema 版本: 1.0.0

待删除字段（需要手动处理）:
  ⚠ 表: mini_accessory, 字段: 666 (varchar(50))
  提示: 请在 Adminer 或命令行中手动删除，然后点击 Web UI 中的"已处理"按钮

✓ 数据库结构已是最新版本，无需更新


================================================================================
执行时间: 2025-12-13 11:57:18
================================================================================
========================================
数据库结构同步工具（Schema 热更新模式）
[预览模式 - 不会实际执行 SQL]
========================================

加载 Schema 文件: /var/www/database/schema.json
Schema 版本: 1.0.0

待删除字段（需要手动处理）:
  ⚠ 表: mini_accessory, 字段: 666 (varchar(50))
  提示: 请在 Adminer 或命令行中手动删除，然后点击 Web UI 中的"已处理"按钮

✓ 数据库结构已是最新版本，无需更新


================================================================================
执行时间: 2025-12-13 11:57:26
================================================================================
========================================
数据库结构同步工具（Schema 热更新模式）
========================================

加载 Schema 文件: /var/www/database/schema.json
Schema 版本: 1.0.0

待删除字段（需要手动处理）:
  ⚠ 表: mini_accessory, 字段: 666 (varchar(50))
  提示: 请在 Adminer 或命令行中手动删除，然后点击 Web UI 中的"已处理"按钮

✓ 数据库结构已是最新版本，无需更新


================================================================================
执行时间: 2025-12-13 11:59:07
================================================================================
========================================
数据库结构同步工具（Schema 热更新模式）
[预览模式 - 不会实际执行 SQL]
========================================

加载 Schema 文件: /var/www/database/schema.json
Schema 版本: 1.0.0

待删除字段（需要手动处理）:
  ⚠ 表: mini_accessory, 字段: 666 (varchar(50))
  提示: 请在 Adminer 或命令行中手动删除，然后点击 Web UI 中的"已处理"按钮

✓ 数据库结构已是最新版本，无需更新


================================================================================
执行时间: 2025-12-13 11:59:19
================================================================================
========================================
数据库结构同步工具（Schema 热更新模式）
[预览模式 - 不会实际执行 SQL]
========================================

加载 Schema 文件: /var/www/database/schema.json
Schema 版本: 1.0.0

待删除字段（需要手动处理）:
  ⚠ 表: mini_accessory, 字段: 666 (varchar(50))
  提示: 请在 Adminer 或命令行中手动删除，然后点击 Web UI 中的"已处理"按钮

✓ 数据库结构已是最新版本，无需更新


================================================================================
执行时间: 2025-12-13 11:59:27
================================================================================
========================================
数据库结构同步工具（Schema 热更新模式）
========================================

加载 Schema 文件: /var/www/database/schema.json
Schema 版本: 1.0.0

待删除字段（需要手动处理）:
  ⚠ 表: mini_accessory, 字段: 666 (varchar(50))
  提示: 请在 Adminer 或命令行中手动删除，然后点击 Web UI 中的"已处理"按钮

✓ 数据库结构已是最新版本，无需更新


================================================================================
执行时间: 2025-12-13 12:00:14
================================================================================
========================================
数据库结构同步工具（Schema 热更新模式）
========================================

加载 Schema 文件: /var/www/database/schema.json
Schema 版本: 1.0.0

✓ 数据库结构已是最新版本，无需更新


================================================================================
执行时间: 2025-12-13 12:00:33
================================================================================
========================================
数据库结构同步工具（Schema 热更新模式）
========================================

加载 Schema 文件: /var/www/database/schema.json
Schema 版本: 1.0.0

发现 1 个需要执行的 SQL 语句:

执行 SQL #1...
  ✓ 成功

========================================
同步完成！
成功: 1 个
失败: 0 个
========================================


================================================================================
执行时间: 2025-12-13 12:00:57
================================================================================
========================================
数据库结构同步工具（Schema 热更新模式）
========================================

加载 Schema 文件: /var/www/database/schema.json
Schema 版本: 1.0.0

待删除字段（需要手动处理）:
  ⚠ 表: mini_accessory, 字段: 888 (varchar(200))
  提示: 请在 Adminer 或命令行中手动删除，然后点击 Web UI 中的"已处理"按钮

✓ 数据库结构已是最新版本，无需更新


================================================================================
执行时间: 2025-12-13 12:01:22
================================================================================
========================================
数据库结构同步工具（Schema 热更新模式）
========================================

加载 Schema 文件: /var/www/database/schema.json
Schema 版本: 1.0.0

✓ 数据库结构已是最新版本，无需更新


================================================================================
执行时间: 2025-12-13 12:01:46
================================================================================
========================================
数据库结构同步工具（Schema 热更新模式）
========================================

加载 Schema 文件: /var/www/database/schema.json
Schema 版本: 1.0.0

待删除表（需要手动处理）:
  ⚠ 表: mini_accessory
  提示: 请在 Adminer 或命令行中手动删除，然后点击 Web UI 中的"已处理"按钮

✓ 数据库结构已是最新版本，无需更新


================================================================================
执行时间: 2025-12-13 12:02:17
================================================================================
========================================
数据库结构同步工具（Schema 热更新模式）
========================================

加载 Schema 文件: /var/www/database/schema.json
Schema 版本: 1.0.0

✓ 数据库结构已是最新版本，无需更新


================================================================================
执行时间: 2025-12-13 12:02:38
================================================================================
========================================
数据库结构同步工具（Schema 热更新模式）
========================================

加载 Schema 文件: /var/www/database/schema.json
Schema 版本: 1.0.0

✓ 数据库结构已是最新版本，无需更新

