
================================================================================
执行时间: 2025-12-13 11:29:22
================================================================================
========================================
数据库结构同步工具（Schema 热更新模式）
[预览模式 - 不会实际执行 SQL]
========================================

加载 Schema 文件: /var/www/database/schema.json
Schema 版本: 1.0.2

✓ 数据库结构已是最新版本，无需更新


================================================================================
执行时间: 2025-12-13 11:41:56
================================================================================
========================================
数据库结构同步工具（Schema 热更新模式）
========================================

加载 Schema 文件: /var/www/database/schema.json
Schema 版本: 1.0.2

✓ 数据库结构已是最新版本，无需更新


================================================================================
执行时间: 2025-12-13 11:42:23
================================================================================
========================================
数据库结构同步工具（Schema 热更新模式）
[预览模式 - 不会实际执行 SQL]
========================================

加载 Schema 文件: /var/www/database/schema.json
Schema 版本: 1.0.2

✓ 数据库结构已是最新版本，无需更新


================================================================================
执行时间: 2025-12-13 11:43:06
================================================================================
========================================
数据库结构同步工具（Schema 热更新模式）
[预览模式 - 不会实际执行 SQL]
========================================

加载 Schema 文件: /var/www/database/schema.json
Schema 版本: 1.0.2

发现 1 个需要执行的 SQL 语句:

SQL #1:
ALTER TABLE `mini_accessory`
  ADD COLUMN `666` varchar(50) NOT NULL COMMENT '分类(Center Caps, Lug Nuts等)' AFTER `category`;

========================================
[预览模式] 以上 SQL 未实际执行
========================================


================================================================================
执行时间: 2025-12-13 11:43:16
================================================================================
========================================
数据库结构同步工具（Schema 热更新模式）
[预览模式 - 不会实际执行 SQL]
========================================

加载 Schema 文件: /var/www/database/schema.json
Schema 版本: 1.0.2

发现 1 个需要执行的 SQL 语句:

SQL #1:
ALTER TABLE `mini_accessory`
  ADD COLUMN `666` varcha2r(50) NOT NULL COMMENT '分类(Center Caps, Lug Nuts等)' AFTER `category`;

========================================
[预览模式] 以上 SQL 未实际执行
========================================


================================================================================
执行时间: 2025-12-13 11:49:04
================================================================================
========================================
数据库结构同步工具（Schema 热更新模式）
[预览模式 - 不会实际执行 SQL]
========================================

加载 Schema 文件: /var/www/database/schema.json
Schema 版本: 1.0.2

警告信息:
  ⚠ ⚠ 表 mini_accessory 字段 category: 字段不允许 NULL，但没有默认值，可能导致插入数据时出错
  ⚠ ⚠ 表 mini_accessory 字段 666: 字段不允许 NULL，但没有默认值，可能导致插入数据时出错
  ⚠ ⚠ 表 mini_accessory 字段 name: 字段不允许 NULL，但没有默认值，可能导致插入数据时出错
  ⚠ ⚠ 表 mini_brand 字段 name: 字段不允许 NULL，但没有默认值，可能导致插入数据时出错
  ⚠ ⚠ 表 mini_cart 字段 product_spec_id: 字段不允许 NULL，但没有默认值，可能导致插入数据时出错
  ⚠ ⚠ 表 mini_gallery 字段 image: 字段不允许 NULL，但没有默认值，可能导致插入数据时出错
  ⚠ ⚠ 表 mini_order 字段 order_no: 字段不允许 NULL，但没有默认值，可能导致插入数据时出错
  ⚠ ⚠ 表 mini_order_item 字段 order_id: 字段不允许 NULL，但没有默认值，可能导致插入数据时出错
  ⚠ ⚠ 表 mini_order_item 字段 product_id: 字段不允许 NULL，但没有默认值，可能导致插入数据时出错
  ⚠ ⚠ 表 mini_order_item 字段 product_spec_id: 字段不允许 NULL，但没有默认值，可能导致插入数据时出错
  ⚠ ⚠ 表 mini_product 字段 name: 字段不允许 NULL，但没有默认值，可能导致插入数据时出错
  ⚠ ⚠ 表 mini_product_finish 字段 product_id: 字段不允许 NULL，但没有默认值，可能导致插入数据时出错
  ⚠ ⚠ 表 mini_product_finish 字段 name: 字段不允许 NULL，但没有默认值，可能导致插入数据时出错
  ⚠ ⚠ 表 mini_product_spec 字段 product_id: 字段不允许 NULL，但没有默认值，可能导致插入数据时出错
  ⚠ ⚠ 表 mini_product_spec 字段 size: 字段不允许 NULL，但没有默认值，可能导致插入数据时出错
  ⚠ ⚠ 表 mini_product_tag 字段 name: 字段不允许 NULL，但没有默认值，可能导致插入数据时出错
  ⚠ ⚠ 表 mini_product_tag_relation 字段 product_id: 字段不允许 NULL，但没有默认值，可能导致插入数据时出错
  ⚠ ⚠ 表 mini_product_tag_relation 字段 tag_id: 字段不允许 NULL，但没有默认值，可能导致插入数据时出错
  ⚠ ⚠ 表 mini_vehicle_engine 字段 generation_id: 字段不允许 NULL，但没有默认值，可能导致插入数据时出错
  ⚠ ⚠ 表 mini_vehicle_engine 字段 name: 字段不允许 NULL，但没有默认值，可能导致插入数据时出错
  ⚠ ⚠ 表 mini_vehicle_fitment 字段 product_spec_id: 字段不允许 NULL，但没有默认值，可能导致插入数据时出错
  ⚠ ⚠ 表 mini_vehicle_generation 字段 model_id: 字段不允许 NULL，但没有默认值，可能导致插入数据时出错
  ⚠ ⚠ 表 mini_vehicle_generation 字段 name: 字段不允许 NULL，但没有默认值，可能导致插入数据时出错
  ⚠ ⚠ 表 mini_vehicle_make 字段 name: 字段不允许 NULL，但没有默认值，可能导致插入数据时出错
  ⚠ ⚠ 表 mini_vehicle_model 字段 make_id: 字段不允许 NULL，但没有默认值，可能导致插入数据时出错
  ⚠ ⚠ 表 mini_vehicle_model 字段 name: 字段不允许 NULL，但没有默认值，可能导致插入数据时出错

发现 1 个需要执行的 SQL 语句:

SQL #1:
ALTER TABLE `mini_accessory`
  ADD COLUMN `666` varchar(50) NOT NULL COMMENT '分类(Center Caps, Lug Nuts等)' AFTER `category`;

========================================
[预览模式] 以上 SQL 未实际执行
========================================

